Release 14.7 - xst P.20131013 (lin64)
Copyright (c) 1995-2013 Xilinx, Inc.  All rights reserved.
--> 
Parameter TMPDIR set to xst/projnav.tmp


Total REAL time to Xst completion: 0.00 secs
Total CPU time to Xst completion: 0.05 secs
 
--> 
Parameter xsthdpdir set to xst


Total REAL time to Xst completion: 0.00 secs
Total CPU time to Xst completion: 0.05 secs
 
--> 
Reading design: blink.prj

TABLE OF CONTENTS
  1) Synthesis Options Summary
  2) HDL Compilation
  3) Design Hierarchy Analysis
  4) HDL Analysis
  5) HDL Synthesis
     5.1) HDL Synthesis Report
  6) Advanced HDL Synthesis
     6.1) Advanced HDL Synthesis Report
  7) Low Level Synthesis
  8) Partition Report
  9) Final Report

=========================================================================
*                      Synthesis Options Summary                        *
=========================================================================
---- Source Parameters
Input File Name                    : "blink.prj"
Input Format                       : mixed
Ignore Synthesis Constraint File   : NO

---- Target Parameters
Output File Name                   : "blink"
Output Format                      : NGC
Target Device                      : XC9500XL CPLDs

---- Source Options
Top Module Name                    : blink
Automatic FSM Extraction           : YES
FSM Encoding Algorithm             : Auto
Safe Implementation                : No
Mux Extraction                     : Yes
Resource Sharing                   : YES

---- Target Options
Add IO Buffers                     : YES
MACRO Preserve                     : YES
XOR Preserve                       : YES
Equivalent register Removal        : YES

---- General Options
Optimization Goal                  : Speed
Optimization Effort                : 1
Keep Hierarchy                     : Yes
Netlist Hierarchy                  : As_Optimized
RTL Output                         : Yes
Hierarchy Separator                : /
Bus Delimiter                      : <>
Case Specifier                     : Maintain
Verilog 2001                       : YES

---- Other Options
Clock Enable                       : YES
wysiwyg                            : NO

=========================================================================


=========================================================================
*                          HDL Compilation                              *
=========================================================================
WARNING:HDLParsers:3607 - Unit work/blink is now defined in a different file.  It was defined in "/home/pdsilva/tmp/Blink/blink.vhd", and is now defined in "/home/pdsilva/tmp/CoolrunnerII/Project/Blink/blink.vhd".
WARNING:HDLParsers:3607 - Unit work/blink/Behavioral is now defined in a different file.  It was defined in "/home/pdsilva/tmp/Blink/blink.vhd", and is now defined in "/home/pdsilva/tmp/CoolrunnerII/Project/Blink/blink.vhd".
Compiling vhdl file "/home/pdsilva/tmp/CoolrunnerII/Project/Blink/blink.vhd" in Library work.
Architecture behavioral of Entity blink is up to date.

=========================================================================
*                     Design Hierarchy Analysis                         *
=========================================================================
Analyzing hierarchy for entity <blink> in library <work> (architecture <behavioral>).


=========================================================================
*                            HDL Analysis                               *
=========================================================================
Analyzing Entity <blink> in library <work> (Architecture <behavioral>).
WARNING:Xst:819 - "/home/pdsilva/tmp/CoolrunnerII/Project/Blink/blink.vhd" line 48: One or more signals are missing in the process sensitivity list. To enable synthesis of FPGA/CPLD hardware, XST will assume that all necessary signals are present in the sensitivity list. Please note that the result of the synthesis may differ from the initial design specification. The missing signals are:
   <Reset>
Entity <blink> analyzed. Unit <blink> generated.


=========================================================================
*                           HDL Synthesis                               *
=========================================================================

Performing bidirectional port resolution...

Synthesizing Unit <blink>.
    Related source file is "/home/pdsilva/tmp/CoolrunnerII/Project/Blink/blink.vhd".
    Found 19-bit up counter for signal <count>.
    Found 19-bit comparator lessequal for signal <count$cmp_le0000> created at line 53.
    Found 1-bit register for signal <togl>.
    Summary:
	inferred   1 Counter(s).
	inferred   1 D-type flip-flop(s).
	inferred   1 Comparator(s).
Unit <blink> synthesized.


=========================================================================
HDL Synthesis Report

Macro Statistics
# Counters                                             : 1
 19-bit up counter                                     : 1
# Registers                                            : 1
 1-bit register                                        : 1
# Comparators                                          : 1
 19-bit comparator lessequal                           : 1

=========================================================================

=========================================================================
*                       Advanced HDL Synthesis                          *
=========================================================================


=========================================================================
Advanced HDL Synthesis Report

Macro Statistics
# Counters                                             : 1
 19-bit up counter                                     : 1
# Registers                                            : 1
 Flip-Flops                                            : 1

=========================================================================

=========================================================================
*                         Low Level Synthesis                           *
=========================================================================

Optimizing unit <blink> ...
  implementation constraint: INIT=r	 : count_8
  implementation constraint: INIT=r	 : count_7
  implementation constraint: INIT=r	 : count_6
  implementation constraint: INIT=r	 : count_5
  implementation constraint: INIT=r	 : count_4
  implementation constraint: INIT=r	 : count_3
  implementation constraint: INIT=r	 : count_2
  implementation constraint: INIT=r	 : count_1
  implementation constraint: INIT=r	 : count_0
  implementation constraint: INIT=r	 : count_17
  implementation constraint: INIT=r	 : count_16
  implementation constraint: INIT=r	 : count_15
  implementation constraint: INIT=r	 : count_14
  implementation constraint: INIT=r	 : count_13
  implementation constraint: INIT=r	 : count_12
  implementation constraint: INIT=r	 : count_11
  implementation constraint: INIT=r	 : count_10
  implementation constraint: INIT=r	 : count_9
  implementation constraint: INIT=r	 : count_18

=========================================================================
*                           Partition Report                            *
=========================================================================

Partition Implementation Status
-------------------------------

  No Partitions were found in this design.

-------------------------------

=========================================================================
*                            Final Report                               *
=========================================================================
Final Results
RTL Top Level Output File Name     : blink.ngr
Top Level Output File Name         : blink
Output Format                      : NGC
Optimization Goal                  : Speed
Keep Hierarchy                     : Yes
Target Technology                  : XC9500XL CPLDs
Macro Preserve                     : YES
XOR Preserve                       : YES
Clock Enable                       : YES
wysiwyg                            : NO

Design Statistics
# IOs                              : 4

Cell Usage :
# BELS                             : 92
#      AND2                        : 41
#      AND3                        : 1
#      AND4                        : 1
#      GND                         : 1
#      INV                         : 23
#      OR2                         : 5
#      OR3                         : 2
#      XOR2                        : 18
# FlipFlops/Latches                : 20
#      FDC                         : 19
#      FDCE                        : 1
# IO Buffers                       : 4
#      IBUF                        : 2
#      OBUF                        : 2
=========================================================================


Total REAL time to Xst completion: 2.00 secs
Total CPU time to Xst completion: 2.37 secs
 
--> 


Total memory usage is 505480 kilobytes

Number of errors   :    0 (   0 filtered)
Number of warnings :    3 (   0 filtered)
Number of infos    :    0 (   0 filtered)

